orlis/open_source_benchmarks/apps/is.pinterjann.jaws_7_src.tar.gz/app/build/outputs/mapping/release/seeds.txt
is.pinterjann.jaws.BuildConfig
is.pinterjann.jaws.BuildConfig: BuildConfig()
is.pinterjann.jaws.R
is.pinterjann.jaws.R: R()
is.pinterjann.jaws.R$anim
is.pinterjann.jaws.R$anim: int abc_fade_in
is.pinterjann.jaws.R$anim: int abc_fade_out
is.pinterjann.jaws.R$anim: int abc_grow_fade_in_from_bottom
is.pinterjann.jaws.R$anim: int abc_popup_enter
is.pinterjann.jaws.R$anim: int abc_popup_exit
is.pinterjann.jaws.R$anim: int abc_shrink_fade_out_from_bottom
is.pinterjann.jaws.R$anim: int abc_slide_in_bottom
is.pinterjann.jaws.R$anim: int abc_slide_in_top
is.pinterjann.jaws.R$anim: int abc_slide_out_bottom
is.pinterjann.jaws.R$anim: int abc_slide_out_top
is.pinterjann.jaws.R$anim: R$anim()
is.pinterjann.jaws.R$array
is.pinterjann.jaws.R$array: int pref_network_order_titles
is.pinterjann.jaws.R$array: int pref_network_order_values
is.pinterjann.jaws.R$array: int pref_scan_interval_titles
is.pinterjann.jaws.R$array: int pref_scan_interval_values
is.pinterjann.jaws.R$array: R$array()
is.pinterjann.jaws.R$attr
is.pinterjann.jaws.R$attr: int actionBarDivider
is.pinterjann.jaws.R$attr: int actionBarItemBackground
is.pinterjann.jaws.R$attr: int actionBarPopupTheme
is.pinterjann.jaws.R$attr: int actionBarSize
is.pinterjann.jaws.R$attr: int actionBarSplitStyle
is.pinterjann.jaws.R$attr: int actionBarStyle
is.pinterjann.jaws.R$attr: int actionBarTabBarStyle
is.pinterjann.jaws.R$attr: int actionBarTabStyle
is.pinterjann.jaws.R$attr: int actionBarTabTextStyle
is.pinterjann.jaws.R$attr: int actionBarTheme
is.pinterjann.jaws.R$attr: int actionBarWidgetTheme
is.pinterjann.jaws.R$attr: int actionButtonStyle
is.pinterjann.jaws.R$attr: int actionDropDownStyle
is.pinterjann.jaws.R$attr: int actionLayout
is.pinterjann.jaws.R$attr: int actionMenuTextAppearance
is.pinterjann.jaws.R$attr: int actionMenuTextColor
is.pinterjann.jaws.R$attr: int actionModeBackground
is.pinterjann.jaws.R$attr: int actionModeCloseButtonStyle
is.pinterjann.jaws.R$attr: int actionModeCloseDrawable
is.pinterjann.jaws.R$attr: int actionModeCopyDrawable
is.pinterjann.jaws.R$attr: int actionModeCutDrawable
is.pinterjann.jaws.R$attr: int actionModeFindDrawable
is.pinterjann.jaws.R$attr: int actionModePasteDrawable
is.pinterjann.jaws.R$attr: int actionModePopupWindowStyle
is.pinterjann.jaws.R$attr: int actionModeSelectAllDrawable
is.pinterjann.jaws.R$attr: int actionModeShareDrawable
is.pinterjann.jaws.R$attr: int actionModeSplitBackground
is.pinterjann.jaws.R$attr: int actionModeStyle
is.pinterjann.jaws.R$bool
is.pinterjann.jaws.R$bool: int abc_action_bar_embed_tabs
is.pinterjann.jaws.R$bool: int abc_action_bar_embed_tabs_pre_jb
is.pinterjann.jaws.R$bool: int abc_action_bar_expanded_action_views_exclusive
is.pinterjann.jaws.R$bool: int abc_config_actionMenuItemAllCaps
is.pinterjann.jaws.R$bool: int abc_config_allowActionMenuItemTextWithIcon
is.pinterjann.jaws.R$bool: int abc_config_closeDialogWhenTouchOutside
is.pinterjann.jaws.R$bool: int abc_config_showMenuShortcutsWhenKeyboardPresent
is.pinterjann.jaws.R$bool: R$bool()
...
android.support.v4.widget.ExploreByTouchHelper$ExploreByTouchNodeProvider
android.support.v4.widget.ExploreByTouchHelper$ExploreByTouchNodeProvider: ExploreByTouchHelper$ExploreByTouchNodeProvider(android.support.v4.widget.ExploreByTouchHelper)
android.support.v4.widget.ExploreByTouchHelper$ExploreByTouchNodeProvider: android.support.v4.view.accessibility.AccessibilityNodeInfoCompat createAccessibilityNodeInfo(int)
android.support.v4.widget.ExploreByTouchHelper$ExploreByTouchNodeProvider: boolean performAction(int,int,android.os.Bundle)
android.support.v4.widget.ExploreByTouchHelper$ExploreByTouchNodeProvider: ExploreByTouchHelper$ExploreByTouchNodeProvider(android.support.v4.widget.ExploreByTouchHelper,android.support.v4.widget.ExploreByTouchHelper$1)
android.support.v4.widget.ListPopupWindowCompat
android.support.v4.widget.ListPopupWindowCompat: ListPopupWindowCompat()
android.support.v4.widget.ListPopupWindowCompat: android.view.View$OnTouchListener createDragToOpenListener(java.lang.Object,android.view.View)
android.support.v4.widget.ListPopupWindowCompat: void <clinit>()
android.support.v4.widget.ListPopupWindowCompat$BaseListPopupWindowImpl
android.support.v4.widget.ListPopupWindowCompat$BaseListPopupWindowImpl: ListPopupWindowCompat$BaseListPopupWindowImpl()
android.support.v4.widget.ListPopupWindowCompat$BaseListPopupWindowImpl: android.view.View$OnTouchListener createDragToOpenListener(java.lang.Object,android.view.View)
android.support.v4.widget.ListPopupWindowCompat$KitKatListPopupWindowImpl
android.support.v4.widget.ListPopupWindowCompat$KitKatListPopupWindowImpl: ListPopupWindowCompat$KitKatListPopupWindowImpl()
android.support.v4.widget.ListPopupWindowCompat$KitKatListPopupWindowImpl: android.view.View$OnTouchListener createDragToOpenListener(java.lang.Object,android.view.View)
android.support.v4.widget.ListPopupWindowCompat$ListPopupWindowImpl
android.support.v4.widget.ListPopupWindowCompat$ListPopupWindowImpl: android.view.View$OnTouchListener createDragToOpenListener(java.lang.Object,android.view.View)
android.support.v4.widget.ListPopupWindowCompatKitKat
android.support.v4.widget.ListPopupWindowCompatKitKat: ListPopupWindowCompatKitKat()
android.support.v4.widget.ListPopupWindowCompatKitKat: android.view.View$OnTouchListener createDragToOpenListener(java.lang.Object,android.view.View)
android.support.v4.widget.ListViewAutoScrollHelper
android.support.v4.widget.ListViewAutoScrollHelper: ListViewAutoScrollHelper(android.widget.ListView)
android.support.v4.widget.ListViewAutoScrollHelper: void scrollTargetBy(int,int)
android.support.v4.widget.ListViewAutoScrollHelper: boolean canTargetScrollHorizontally(int)
android.support.v4.widget.ListViewAutoScrollHelper: boolean canTargetScrollVertically(int)