orlis/open_source_benchmarks/apps/is.pinterjann.jaws_7_src.tar.gz/app/build/outputs/mapping/release/mapping.txt
is.pinterjann.jaws.activities.AboutActivity -> is.pinterjann.jaws.activities.AboutActivity:
    void <init>() -> <init>
    void onCreate(android.os.Bundle) -> onCreate
    boolean onOptionsItemSelected(android.view.MenuItem) -> onOptionsItemSelected
is.pinterjann.jaws.activities.JAWSActivity -> is.pinterjann.jaws.activities.JAWSActivity:
    android.net.wifi.WifiManager wifiManager -> j
    is.pinterjann.jaws.adapter.NetworkAdapter networkAdapter -> k
    android.content.BroadcastReceiver wifiScanReceiver -> l
    android.content.SharedPreferences sharedPreferences -> m
    android.support.v7.widget.Toolbar toolbar -> n
    boolean isScanning -> o
    boolean jawsAutoEnabledWifi -> p
    boolean accessCoarseLocationPermissionGranted -> q
    int PERMISSION_COARSE_LOCATION -> r
    void <init>() -> <init>
    void onCreate(android.os.Bundle) -> onCreate
    void onPause() -> onPause
    void onResume() -> onResume
    void onDestroy() -> onDestroy
    boolean onCreateOptionsMenu(android.view.Menu) -> onCreateOptionsMenu
    boolean onOptionsItemSelected(android.view.MenuItem) -> onOptionsItemSelected
    void startScanning() -> startScanning
    void stopScanning() -> stopScanning
    void requestPermissions() -> requestPermissions
    void onRequestPermissionsResult(int,java.lang.String[],int[]) -> onRequestPermissionsResult
    android.net.wifi.WifiManager access$000(is.pinterjann.jaws.activities.JAWSActivity) -> access$000
    android.content.SharedPreferences access$100(is.pinterjann.jaws.activities.JAWSActivity) -> access$100
    is.pinterjann.jaws.adapter.NetworkAdapter access$200(is.pinterjann.jaws.activities.JAWSActivity) -> access$200
is.pinterjann.jaws.activities.JAWSActivity$WifiScanAsyncTask -> is.pinterjann.jaws.activities.JAWSActivity$WifiScanAsyncTask:
    is.pinterjann.jaws.activities.JAWSActivity this$0 -> a
    void <init>(is.pinterjann.jaws.activities.JAWSActivity) -> <init>
    java.lang.Void doInBackground(java.lang.Void[]) -> doInBackground
    java.lang.Object doInBackground(java.lang.Object[]) -> doInBackground
is.pinterjann.jaws.activities.JAWSActivity$WifiScanReceiver -> is.pinterjann.jaws.activities.JAWSActivity$WifiScanReceiver:
    is.pinterjann.jaws.activities.JAWSActivity this$0 -> a
    void <init>(is.pinterjann.jaws.activities.JAWSActivity) -> <init>
    void onReceive(android.content.Context,android.content.Intent) -> onReceive
is.pinterjann.jaws.activities.JAWSActivity$WifiScanReceiver$1 -> is.pinterjann.jaws.activities.JAWSActivity$WifiScanReceiver$1:
    is.pinterjann.jaws.activities.JAWSActivity$WifiScanReceiver this$1 -> a
    void <init>(is.pinterjann.jaws.activities.JAWSActivity$WifiScanReceiver) -> <init>
    int compare(is.pinterjann.jaws.model.WirelessNetwork,is.pinterjann.jaws.model.WirelessNetwork) -> compare
    int compare(java.lang.Object,java.lang.Object) -> compare
is.pinterjann.jaws.activities.SettingsActivity -> is.pinterjann.jaws.activities.SettingsActivity:
    void <init>() -> <init>
    void onCreate(android.os.Bundle) -> onCreate
is.pinterjann.jaws.activities.SettingsFragment -> is.pinterjann.jaws.activities.SettingsFragment:
    void <init>() -> <init>
    void onCreate(android.os.Bundle) -> onCreate
is.pinterjann.jaws.adapter.NetworkAdapter -> is.pinterjann.jaws.adapter.NetworkAdapter:
    java.util.List networkList -> a
    android.content.SharedPreferences sharedPreferences -> b
    java.util.Set pinnedNetworks -> c
    void <init>() -> <init>
    void setNetworkList(java.util.List) -> setNetworkList
    int getCount() -> getCount
    java.lang.Object getItem(int) -> getItem
    long getItemId(int) -> getItemId
    android.view.View getView(int,android.view.View,android.view.ViewGroup) -> getView
    android.content.SharedPreferences access$000(is.pinterjann.jaws.adapter.NetworkAdapter) -> access$000
    java.util.Set access$100(is.pinterjann.jaws.adapter.NetworkAdapter) -> access$100
...
android.support.v7.internal.widget.ActivityChooserView$ActivityChooserViewAdapter -> android.support.v7.internal.widget.ActivityChooserView$ActivityChooserViewAdapter:
    android.support.v7.internal.widget.ActivityChooserModel mDataModel -> b
    int mMaxActivityCount -> c
    boolean mShowDefaultActivity -> d
    boolean mHighlightDefaultActivity -> e
    boolean mShowFooterView -> f
    android.support.v7.internal.widget.ActivityChooserView this$0 -> a
    void setDataModel(android.support.v7.internal.widget.ActivityChooserModel) -> setDataModel
    int getItemViewType(int) -> getItemViewType
    int getViewTypeCount() -> getViewTypeCount
    int getCount() -> getCount
    java.lang.Object getItem(int) -> getItem
    long getItemId(int) -> getItemId
    android.view.View getView(int,android.view.View,android.view.ViewGroup) -> getView
    int measureContentWidth() -> measureContentWidth
    void setMaxActivityCount(int) -> setMaxActivityCount
    android.content.pm.ResolveInfo getDefaultActivity() -> getDefaultActivity
    void setShowFooterView(boolean) -> setShowFooterView
    int getActivityCount() -> getActivityCount
    android.support.v7.internal.widget.ActivityChooserModel getDataModel() -> getDataModel
    void setShowDefaultActivity(boolean,boolean) -> setShowDefaultActivity
    boolean getShowDefaultActivity() -> getShowDefaultActivity
android.support.v7.internal.widget.ActivityChooserView$Callbacks -> android.support.v7.internal.widget.ActivityChooserView$Callbacks:
    android.support.v7.internal.widget.ActivityChooserView this$0 -> a
    void onItemClick(android.widget.AdapterView,android.view.View,int,long) -> onItemClick
    void onClick(android.view.View) -> onClick
    boolean onLongClick(android.view.View) -> onLongClick
    void onDismiss() -> onDismiss
    void notifyOnDismissListener() -> notifyOnDismissListener
android.support.v7.internal.widget.ActivityChooserView$InnerLayout -> android.support.v7.internal.widget.ActivityChooserView$InnerLayout:
    int[] TINT_ATTRS -> a
    void <init>(android.content.Context,android.util.AttributeSet) -> <init>
    void <clinit>() -> <clinit>
android.support.v7.internal.widget.AppCompatPopupWindow -> android.support.v7.internal.widget.AppCompatPopupWindow:
    boolean COMPAT_OVERLAP_ANCHOR -> a
    boolean mOverlapAnchor -> b
    void <init>(android.content.Context,android.util.AttributeSet,int) -> <init>
    void showAsDropDown(android.view.View,int,int) -> showAsDropDown
    void showAsDropDown(android.view.View,int,int,int) -> showAsDropDown
    void update(android.view.View,int,int,int,int) -> update
    void wrapOnScrollChangedListener(android.widget.PopupWindow) -> wrapOnScrollChangedListener
    void setSupportOverlapAnchor(boolean) -> setSupportOverlapAnchor
    void <clinit>() -> <clinit>
android.support.v7.internal.widget.AppCompatPopupWindow$1 -> android.support.v7.internal.widget.AppCompatPopupWindow$1:
    java.lang.reflect.Field val$fieldAnchor -> a
    android.widget.PopupWindow val$popup -> b
    android.view.ViewTreeObserver$OnScrollChangedListener val$originalListener -> c
    void <init>(java.lang.reflect.Field,android.widget.PopupWindow,android.view.ViewTreeObserver$OnScrollChangedListener) -> <init>
    void onScrollChanged() -> onScrollChanged