orlis/open_source_benchmarks/apps/is.pinterjann.jaws_7_src.tar.gz/app/build/outputs/mapping/release/usage.txt
is.pinterjann.jaws.BuildConfig
is.pinterjann.jaws.R
is.pinterjann.jaws.R$anim
is.pinterjann.jaws.R$array
is.pinterjann.jaws.R$attr
is.pinterjann.jaws.R$bool
is.pinterjann.jaws.R$color
is.pinterjann.jaws.R$dimen
is.pinterjann.jaws.R$drawable
is.pinterjann.jaws.R$id
is.pinterjann.jaws.R$integer
is.pinterjann.jaws.R$layout
is.pinterjann.jaws.R$menu
is.pinterjann.jaws.R$mipmap
is.pinterjann.jaws.R$string
is.pinterjann.jaws.R$style
is.pinterjann.jaws.R$styleable
is.pinterjann.jaws.R$xml
is.pinterjann.jaws.adapter.NetworkAdapter:
    34:34:public java.util.List getNetworkList()
is.pinterjann.jaws.helper.FrequencyConverter:
    3:3:public FrequencyConverter()
is.pinterjann.jaws.helper.SignalColor:
    6:6:public SignalColor()
is.pinterjann.jaws.model.WirelessNetwork:
    42:43:public void setBssid(java.lang.String)
    50:51:public void setSsid(java.lang.String)
    58:59:public void setChannel(int)
    66:67:public void setSignal(int)
    74:75:public void setSecurity(java.lang.String)
    78:78:public long getTimestamp()
    82:83:public void setTimestamp(long)
...
android.support.v4.view.animation.PathInterpolatorCompat
android.support.v4.view.animation.PathInterpolatorCompatApi21
android.support.v4.view.animation.PathInterpolatorCompatBase
android.support.v4.view.animation.PathInterpolatorDonut
android.support.v4.widget.AutoScrollHelper:
    public static final float RELATIVE_UNSPECIFIED
    public static final float NO_MAX
    public static final float NO_MIN
    public static final int EDGE_TYPE_INSIDE
    public static final int EDGE_TYPE_INSIDE_EXTEND
    public static final int EDGE_TYPE_OUTSIDE
    private static final int HORIZONTAL
    private static final int VERTICAL
    private static final int DEFAULT_EDGE_TYPE
    private static final int DEFAULT_MINIMUM_VELOCITY_DIPS
    private static final int DEFAULT_MAXIMUM_VELOCITY_DIPS
    private static final float DEFAULT_MAXIMUM_EDGE
    private static final float DEFAULT_RELATIVE_EDGE
    private static final float DEFAULT_RELATIVE_VELOCITY
    private static final int DEFAULT_RAMP_UP_DURATION
    private static final int DEFAULT_RAMP_DOWN_DURATION
    247:247:public boolean isEnabled()
    263:264:public android.support.v4.widget.AutoScrollHelper setExclusive(boolean)
    276:276:public boolean isExclusive()
android.support.v4.widget.CircleImageView
android.support.v4.widget.CircleImageView$OvalShadow
android.support.v4.widget.CompoundButtonCompat:
    113:113:private CompoundButtonCompat()
    138:138:public static android.content.res.ColorStateList getButtonTintList(android.widget.CompoundButton)
    164:164:public static android.graphics.PorterDuff$Mode getButtonTintMode(android.widget.CompoundButton)
android.support.v4.widget.CompoundButtonCompat$BaseCompoundButtonCompat:
    65:65:public android.content.res.ColorStateList getButtonTintList(android.widget.CompoundButton)
    75:75:public android.graphics.PorterDuff$Mode getButtonTintMode(android.widget.CompoundButton)
android.support.v4.widget.CompoundButtonCompat$CompoundButtonCompatImpl:
    public abstract android.content.res.ColorStateList getButtonTintList(android.widget.CompoundButton)
    public abstract android.graphics.PorterDuff$Mode getButtonTintMode(android.widget.CompoundButton)
android.support.v4.widget.CompoundButtonCompat$LollipopCompoundButtonImpl:
    92:92:public android.content.res.ColorStateList getButtonTintList(android.widget.CompoundButton)
    102:102:public android.graphics.PorterDuff$Mode getButtonTintMode(android.widget.CompoundButton)
android.support.v4.widget.CompoundButtonCompatApi23:
    25:25:CompoundButtonCompatApi23()
android.support.v4.widget.CompoundButtonCompatDonut:
    private static final java.lang.String TAG
    27:27:CompoundButtonCompatDonut()
    41:44:static android.content.res.ColorStateList getButtonTintList(android.widget.CompoundButton)
    54:57:static android.graphics.PorterDuff$Mode getButtonTintMode(android.widget.CompoundButton)
android.support.v4.widget.CompoundButtonCompatLollipop:
    23:23:CompoundButtonCompatLollipop()
    30:30:static android.content.res.ColorStateList getButtonTintList(android.widget.CompoundButton)
    38:38:static android.graphics.PorterDuff$Mode getButtonTintMode(android.widget.CompoundButton)
android.support.v4.widget.ContentLoadingProgressBar
android.support.v4.widget.ContentLoadingProgressBar$1
android.support.v4.widget.ContentLoadingProgressBar$2
android.support.v4.widget.CursorAdapter:
    public static final int FLAG_AUTO_REQUERY
    public static final int FLAG_REGISTER_CONTENT_OBSERVER
    121:123:public CursorAdapter(android.content.Context,android.database.Cursor)
    150:152:public CursorAdapter(android.content.Context,android.database.Cursor,int)
    160:161:protected void init(android.content.Context,android.database.Cursor,boolean)
    420:420:public android.widget.FilterQueryProvider getFilterQueryProvider()
    436:437:public void setFilterQueryProvider(android.widget.FilterQueryProvider)
android.support.v4.widget.DrawerLayout